[0;33;40mdfi numbering lines in /Users/louis/.bash_history :
[0;37;40m
1	ls -la
2	cd CPP
3	ls
4	cd 7zip/
5	ls
6	make
7	./configure
8	cd ..
9	cd ../C
10	;s
11	ls
12	cd ../DOC/
13	ls
14	vi readme.txt 
15	vmmap
16	ps
17	vmmap 39414
18	sysctl -A|less
19	sysctl --help
20	ps -p 9 -o user=
21	ps -p 9 -o uid=
22	ps -p 9 -o owner=
23	ps
24	ps -p 35187 -o uid=
25	ps -p 35187 -o user=
26	pidinfo -f 35187
27	sudo apt-get install yabba
28	ssh bd
29	cd /dse/bin
30	ln -s pidinfo.php pidinfo
31	ps
32	pidinfo -f 35187
33	pid2exe 35184
34	echo 35184 | pid2exe
35	pidinfo -f 35187
36	ssh bd
37	cd
38	ls
39	sudo rpm -i yabba-1.00-1.i386.rpm 
40	sudo apt-get install yabba-1.00-1.i386.rpm 
41	apt-get
42	apt-get install rpm
43	apt-get install rpm
44	sudo apt-get install rpm
45	sudo rpm -i yabba-1.00-1.i386.rpm 
46	sudo rpm -i yabba-1.00-1.src.rpm 
47	sudo rpm -i yabba-1.00-1.src.rpm 
48	ls
49	scp webroot.part01.rar bd:/wr.rar
50	scp webroot.part01.rar bd:/home/marqul/wr.rar
51	ssh bd
52	lzwa
53	sudo yum
54	sudo apt-get
55	sudo apt-get install p7zip
56	tay --help
57	tar --help
58	cd /wd_drive
59	ls -la
60	ls -la
61	ls -la
62	cp webroot.part01.rar ~/.
63	cd
64	ls we*
65	tar cfva webroot.part01.rar.lzma webroot.part01.rar 
66	tar cfva -Z webroot.part01.rar.tar webroot.part01.rar 
67	ls -la
68	tar cvf out.tar -Z webroot.part01.rar 
69	ls -la
70	rm out.tar 
71	compress --help
72	man compress
73	man compact
74	compress -v webroot.part01.rar
75	rzip
76	sudo apt-get install rzip
77	sudo apt-get update
78	sudo apt-get install rzip
79	cd
80	ls
81	cd rzip-2.1/
82	ls
83	sudo ./configure
84	cat config
85	cat configure
86	sudo make
87	sudo make install
88	rzip
89	cd
90	rzip -L 9 -k -P webroot.part01.rar
91	ls
92	cd 7z920/
93	ls
94	make
95	cd
96	ls
97	cd p7zip_9.20.1/
98	ls
